<?xml version="1.0" encoding="UTF-8"?>
<!-- Generated by org.testng.reporters.JUnitXMLReporter -->
<testsuite hostname="EQ-EQ6284170" ignored="0" name="Register Process Test" tests="3" failures="0" timestamp="2020-08-04T21:44:36 EET" time="29.369" errors="0">
  <testcase name="SignUp" time="6.839" classname="sdet.pixelogic.selenium.test.RegisterProcessTest"/>
  <testcase name="Logout" time="4.057" classname="sdet.pixelogic.selenium.test.RegisterProcessTest"/>
  <testcase name="Login" time="3.641" classname="sdet.pixelogic.selenium.test.RegisterProcessTest"/>
</testsuite> <!-- Register Process Test -->
