<?xml version="1.0" encoding="UTF-8"?>
<!-- Generated by org.testng.reporters.JUnitXMLReporter -->
<testsuite hostname="EQ-EQ6284170" ignored="0" name="Default test" tests="3" failures="0" timestamp="2020-08-04T23:00:21 EET" time="25.3" errors="0">
  <testcase name="SignUp" time="5.008" classname="sdet.pixelogic.selenium.test.RegisterProcessTest"/>
  <testcase name="Logout" time="3.251" classname="sdet.pixelogic.selenium.test.RegisterProcessTest"/>
  <testcase name="Login" time="3.044" classname="sdet.pixelogic.selenium.test.RegisterProcessTest"/>
</testsuite> <!-- Default test -->
