<?xml version="1.0" encoding="UTF-8"?>
<!-- Generated by org.testng.reporters.JUnitXMLReporter -->
<testsuite hostname="EQ-EQ6284170" ignored="0" name="Default test" tests="3" failures="0" timestamp="2020-08-05T11:24:32 EET" time="36.058" errors="0">
  <testcase name="SignUp" time="5.989" classname="sdet.pixelogic.selenium.test.RegisterProcessTest"/>
  <testcase name="Logout" time="4.094" classname="sdet.pixelogic.selenium.test.RegisterProcessTest"/>
  <testcase name="Login" time="3.69" classname="sdet.pixelogic.selenium.test.RegisterProcessTest"/>
</testsuite> <!-- Default test -->
