<?xml version="1.0" encoding="UTF-8"?>
<!-- Generated by org.testng.reporters.JUnitXMLReporter -->
<testsuite hostname="EQ-EQ6284170" ignored="0" name="Register Process" tests="3" failures="0" timestamp="2020-08-04T21:41:49 EET" time="27.477" errors="0">
  <testcase name="SignUp" time="6.039" classname="sdet.pixelogic.selenium.test.RegisterProcessTest"/>
  <testcase name="Logout" time="3.46" classname="sdet.pixelogic.selenium.test.RegisterProcessTest"/>
  <testcase name="Login" time="5.258" classname="sdet.pixelogic.selenium.test.RegisterProcessTest"/>
</testsuite> <!-- Register Process -->
