<?xml version="1.0" encoding="UTF-8"?>
<!-- Generated by org.testng.reporters.JUnitXMLReporter -->
<testsuite hostname="EQ-EQ6284170" ignored="0" name="Register Processs" tests="3" failures="0" timestamp="2020-08-04T15:23:31 EET" time="33.584" errors="0">
  <testcase name="SignUp" time="5.125" classname="sdet.pixelogic.selenium.test.RegisterProcessTest"/>
  <testcase name="Logout" time="3.467" classname="sdet.pixelogic.selenium.test.RegisterProcessTest"/>
  <testcase name="Login" time="3.835" classname="sdet.pixelogic.selenium.test.RegisterProcessTest"/>
</testsuite> <!-- Register Processs -->
