<?xml version="1.0" encoding="UTF-8"?>
<testng-results skipped="0" failed="0" ignored="0" total="3" passed="3">
  <reporter-output>
  </reporter-output>
  <suite name="Default suite" duration-ms="25300" started-at="2020-08-04T22:59:56 EET" finished-at="2020-08-04T23:00:21 EET">
    <groups>
    </groups>
    <test name="Default test" duration-ms="25300" started-at="2020-08-04T22:59:56 EET" finished-at="2020-08-04T23:00:21 EET">
      <class name="sdet.pixelogic.selenium.test.RegisterProcessTest">
        <test-method status="PASS" signature="openURL()[pri:0, instance:sdet.pixelogic.selenium.test.RegisterProcessTest@3b1ed14b]" name="openURL" is-config="true" duration-ms="12529" started-at="2020-08-04T22:59:56 EET" finished-at="2020-08-04T23:00:08 EET">
          <reporter-output>
          </reporter-output>
        </test-method> <!-- openURL -->
        <test-method status="PASS" signature="SignUp()[pri:0, instance:sdet.pixelogic.selenium.test.RegisterProcessTest@3b1ed14b]" name="SignUp" duration-ms="5008" started-at="2020-08-04T23:00:08 EET" finished-at="2020-08-04T23:00:13 EET">
          <reporter-output>
          </reporter-output>
        </test-method> <!-- SignUp -->
        <test-method status="PASS" signature="RegisterLoginFailScreenshot(org.testng.ITestResult)[pri:0, instance:sdet.pixelogic.selenium.test.RegisterProcessTest@3b1ed14b]" name="RegisterLoginFailScreenshot" is-config="true" duration-ms="3" started-at="2020-08-04T23:00:14 EET" finished-at="2020-08-04T23:00:14 EET">
          <params>
            <param index="0">
              <value>
                <![CDATA[[TestResult name=SignUp status=SUCCESS method=RegisterProcessTest.SignUp()[pri:0, instance:sdet.pixelogic.selenium.test.RegisterProcessTest@3b1ed14b] output={null}]]]>
              </value>
            </param>
          </params>
          <reporter-output>
          </reporter-output>
        </test-method> <!-- RegisterLoginFailScreenshot -->
        <test-method status="PASS" signature="Logout()[pri:1, instance:sdet.pixelogic.selenium.test.RegisterProcessTest@3b1ed14b]" name="Logout" duration-ms="3251" started-at="2020-08-04T23:00:14 EET" finished-at="2020-08-04T23:00:17 EET">
          <reporter-output>
          </reporter-output>
        </test-method> <!-- Logout -->
        <test-method status="PASS" signature="RegisterLoginFailScreenshot(org.testng.ITestResult)[pri:0, instance:sdet.pixelogic.selenium.test.RegisterProcessTest@3b1ed14b]" name="RegisterLoginFailScreenshot" is-config="true" duration-ms="1" started-at="2020-08-04T23:00:17 EET" finished-at="2020-08-04T23:00:17 EET">
          <params>
            <param index="0">
              <value>
                <![CDATA[[TestResult name=Logout status=SUCCESS method=RegisterProcessTest.Logout()[pri:1, instance:sdet.pixelogic.selenium.test.RegisterProcessTest@3b1ed14b] output={null}]]]>
              </value>
            </param>
          </params>
          <reporter-output>
          </reporter-output>
        </test-method> <!-- RegisterLoginFailScreenshot -->
        <test-method status="PASS" signature="Login()[pri:2, instance:sdet.pixelogic.selenium.test.RegisterProcessTest@3b1ed14b]" name="Login" duration-ms="3044" started-at="2020-08-04T23:00:17 EET" finished-at="2020-08-04T23:00:20 EET">
          <reporter-output>
          </reporter-output>
        </test-method> <!-- Login -->
        <test-method status="PASS" signature="RegisterLoginFailScreenshot(org.testng.ITestResult)[pri:0, instance:sdet.pixelogic.selenium.test.RegisterProcessTest@3b1ed14b]" name="RegisterLoginFailScreenshot" is-config="true" duration-ms="1" started-at="2020-08-04T23:00:20 EET" finished-at="2020-08-04T23:00:20 EET">
          <params>
            <param index="0">
              <value>
                <![CDATA[[TestResult name=Login status=SUCCESS method=RegisterProcessTest.Login()[pri:2, instance:sdet.pixelogic.selenium.test.RegisterProcessTest@3b1ed14b] output={null}]]]>
              </value>
            </param>
          </params>
          <reporter-output>
          </reporter-output>
        </test-method> <!-- RegisterLoginFailScreenshot -->
        <test-method status="PASS" signature="closeDriver()[pri:0, instance:sdet.pixelogic.selenium.test.RegisterProcessTest@3b1ed14b]" name="closeDriver" is-config="true" duration-ms="1175" started-at="2020-08-04T23:00:20 EET" finished-at="2020-08-04T23:00:21 EET">
          <reporter-output>
          </reporter-output>
        </test-method> <!-- closeDriver -->
      </class> <!-- sdet.pixelogic.selenium.test.RegisterProcessTest -->
    </test> <!-- Default test -->
  </suite> <!-- Default suite -->
</testng-results>
